<?xml version="1.0" encoding="UTF-8"?>
<!-- Generated by org.testng.reporters.JUnitXMLReporter -->
<testsuite hostname="DESKTOP-0F3LVEP" ignored="0" name="Test" tests="4" failures="0" timestamp="11 Jul 2017 01:33:21 GMT" time="14.89" errors="0">
  <testcase name="test1" time="0.008" classname="testNGPckage.TestNgAnnotations"/>
  <testcase name="test2" time="0.002" classname="testNGPckage.TestNgAnnotations"/>
  <testcase name="bookingFlight" time="7.058" classname="practiceScripts.BookFlight"/>
  <testcase name="test1" time="7.764" classname="practiceScripts.BookFlight"/>
</testsuite> <!-- Test -->
