<?xml version="1.0" encoding="UTF-8"?>
<!-- Generated by org.testng.reporters.JUnitXMLReporter -->
<testsuite hostname="DESKTOP-0F3LVEP" ignored="1" name="Test1" tests="1" failures="0" timestamp="19 Jul 2017 01:23:51 GMT" time="140.8" errors="0">
  <testcase name="bookingFlight" time="134.877" classname="practiceScripts.BookFlight"/>
  <testcase name="@BeforeTest beforeTest" time="0.0" classname="practiceScripts.BookFlight">
    <ignored/>
  </testcase> <!-- @BeforeTest beforeTest -->
</testsuite> <!-- Test1 -->
