<?xml version="1.0" encoding="UTF-8"?>
<testsuite name="Test1"
           tests="3"
           failures="0"
           errors="0"
           skipped="0"
           time="0.005">
  <properties />
  
  
            <testcase name="login" time="0.002" classname="testNGPckage.TestDataProvider" />
                <testcase name="login" time="0.001" classname="testNGPckage.TestDataProvider" />
                <testcase name="login" time="0.002" classname="testNGPckage.TestDataProvider" />
      
</testsuite>
