<?xml version="1.0" encoding="UTF-8"?>
<testsuite name="Test1"
           tests="3"
           failures="0"
           errors="0"
           skipped="0"
           time="0.002">
  <properties />
  
  
            <testcase name="atest2" time="0.001" classname="testNGPckage.TestNgAnnotations" />
                <testcase name="test1" time="0.001" classname="testNGPckage.TestNgAnnotations" />
                <testcase name="test3" time="0.000" classname="testNGPckage.TestNgAnnotations" />
      
</testsuite>
